[INFO][2018-03-21 11:43:49,858][com.asianrapid.service.TestService]查询student表未删除的列
[INFO][2018-03-21 11:46:38,662][com.asianrapid.service.TestService]查询student表未删除的列
[INFO][2018-03-21 11:49:24,581][com.asianrapid.service.TestService]查询student表未删除的列
[INFO][2018-03-21 11:51:30,577][com.asianrapid.service.TestService]查询student表未删除的列
[INFO][2018-03-21 11:53:30,567][com.asianrapid.service.TestService]查询student表未删除的列
[INFO][2018-03-21 11:55:33,499][com.asianrapid.service.TestService]查询student表未删除的列
[INFO][2018-03-21 11:56:54,077][com.asianrapid.service.TestService]查询student表未删除的列
[INFO][2018-03-21 11:58:58,067][com.asianrapid.service.TestService]查询student表未删除的列
[INFO][2018-03-21 11:59:59,078][com.asianrapid.service.TestService]查询student表未删除的列
[INFO][2018-03-21 12:01:59,427][com.asianrapid.service.TestService]查询student表未删除的列
[INFO][2018-03-21 12:05:02,447][com.asianrapid.service.TestService]查询student表未删除的列
[INFO][2018-03-21 12:06:01,703][com.asianrapid.service.TestService]查询student表未删除的列
[INFO][2018-03-21 12:08:10,701][com.asianrapid.service.TestService]查询student表未删除的列
[INFO][2018-03-21 12:09:20,494][com.asianrapid.service.TestService]查询student表未删除的列
[INFO][2018-03-21 12:10:15,006][com.asianrapid.service.TestService]查询student表未删除的列
[INFO][2018-03-21 12:11:30,427][com.asianrapid.service.TestService]查询student表未删除的列
[INFO][2018-03-21 12:12:27,786][com.asianrapid.service.TestService]查询student表未删除的列
[INFO][2018-03-21 12:13:10,231][com.asianrapid.service.TestService]查询student表未删除的列
[INFO][2018-03-21 12:13:51,890][com.asianrapid.service.TestService]查询student表未删除的列
[INFO][2018-03-21 12:15:10,675][com.asianrapid.service.TestService]查询student表未删除的列
[INFO][2018-03-21 13:13:14,487][com.asianrapid.service.TestService]查询student表未删除的列
[INFO][2018-03-21 13:14:12,439][com.asianrapid.service.TestService]查询student表未删除的列
[INFO][2018-03-21 13:14:18,991][com.asianrapid.service.TestService]查询student表未删除的列
[INFO][2018-03-21 13:17:34,032][com.asianrapid.service.TestService]查询student表未删除的列
[INFO][2018-03-21 13:19:11,161][com.asianrapid.service.TestService]查询student表未删除的列
[INFO][2018-03-21 13:19:59,489][com.asianrapid.service.TestService]查询student表未删除的列
[INFO][2018-03-21 13:20:38,270][com.asianrapid.service.TestService]查询student表未删除的列
[INFO][2018-03-21 13:24:11,200][com.asianrapid.service.TestService]查询student表未删除的列
[INFO][2018-03-21 13:27:32,599][com.asianrapid.service.TestService]查询student表未删除的列
[INFO][2018-03-21 13:28:26,130][com.asianrapid.service.TestService]查询student表未删除的列
[INFO][2018-03-21 13:28:51,311][com.asianrapid.service.TestService]查询student表未删除的列
[INFO][2018-03-21 13:29:28,401][com.asianrapid.service.TestService]查询student表未删除的列
[INFO][2018-03-21 13:31:11,579][com.asianrapid.service.TestService]查询student表未删除的列
[INFO][2018-03-21 13:37:43,111][com.asianrapid.service.TestService]查询student表未删除的列
[INFO][2018-03-21 13:41:14,936][com.asianrapid.service.TestService]查询student表未删除的列
[INFO][2018-03-21 13:45:41,489][com.asianrapid.service.TestService]查询student表未删除的列
[INFO][2018-03-21 13:47:42,761][com.asianrapid.service.TestService]查询student表未删除的列
[INFO][2018-03-21 13:50:46,863][com.asianrapid.service.TestService]查询student表未删除的列
[INFO][2018-03-21 13:51:24,416][com.asianrapid.service.TestService]查询student表未删除的列
[INFO][2018-03-21 13:54:10,186][com.asianrapid.service.TestService]查询student表未删除的列
[INFO][2018-03-21 13:55:49,104][com.asianrapid.service.TestService]查询student表未删除的列
[INFO][2018-03-21 13:57:45,979][com.asianrapid.service.TestService]查询student表未删除的列
[INFO][2018-03-21 13:59:00,212][com.asianrapid.service.TestService]查询student表未删除的列
[INFO][2018-03-21 13:59:25,767][com.asianrapid.service.TestService]查询student表未删除的列
[INFO][2018-03-21 14:00:44,598][com.asianrapid.service.TestService]查询student表未删除的列
[INFO][2018-03-21 14:04:40,842][com.asianrapid.service.TestService]查询student表未删除的列
[INFO][2018-03-21 14:07:38,431][com.asianrapid.service.TestService]查询student表未删除的列
[INFO][2018-03-21 14:10:10,600][com.asianrapid.service.TestService]查询student表未删除的列
[INFO][2018-03-21 14:11:15,990][com.asianrapid.service.TestService]查询student表未删除的列
[INFO][2018-03-21 14:12:54,018][com.asianrapid.service.TestService]查询student表未删除的列
[INFO][2018-03-21 14:15:20,561][com.asianrapid.service.TestService]查询student表未删除的列
[INFO][2018-03-21 14:19:04,224][com.asianrapid.service.TestService]查询student表未删除的列
[DEBUG][2018-03-21 14:19:18,469][com.asianrapid.service.TestService]插入student记录， name=阿萨德
[INFO][2018-03-21 14:19:18,511][com.asianrapid.service.TestService]查询student表未删除的列
[INFO][2018-03-21 14:19:27,584][com.asianrapid.service.TestService]查询student表未删除的列
[INFO][2018-03-21 14:19:32,558][com.asianrapid.service.TestService]查询student，id=39
[INFO][2018-03-21 14:19:35,272][com.asianrapid.service.TestService]查询student，id=45
[INFO][2018-03-21 14:19:37,953][com.asianrapid.service.TestService]查询student，id=51
[DEBUG][2018-03-21 14:19:43,261][com.asianrapid.service.TestService]更新student表，用户名=阿斯
[INFO][2018-03-21 14:19:43,287][com.asianrapid.service.TestService]查询student表未删除的列
[ERROR][2018-03-21 14:19:47,750][com.asianrapid.service.TestService]
[INFO][2018-03-21 14:19:55,151][com.asianrapid.service.TestService]查询student表未删除的列
[INFO][2018-03-21 14:19:57,310][com.asianrapid.service.TestService]查询student表未删除的列
[INFO][2018-03-21 14:19:58,644][com.asianrapid.service.TestService]查询student表未删除的列
[ERROR][2018-03-21 14:20:02,099][com.asianrapid.service.TestService]
[INFO][2018-03-21 14:22:32,819][com.asianrapid.service.TestService]查询student表未删除的列
[DEBUG][2018-03-21 14:22:39,352][com.asianrapid.service.TestService]删除student，id=19
[INFO][2018-03-21 14:22:39,396][com.asianrapid.service.TestService]查询student表未删除的列
[INFO][2018-03-21 14:22:42,231][com.asianrapid.service.TestService]查询student表未删除的列
[INFO][2018-03-21 14:22:43,258][com.asianrapid.service.TestService]查询student表未删除的列
[INFO][2018-03-21 14:36:37,522][com.asianrapid.service.TestService]查询student表未删除的列
[INFO][2018-03-21 14:45:22,979][com.asianrapid.service.TestService]查询student表未删除的列
[INFO][2018-03-21 14:47:28,437][com.asianrapid.service.TestService]查询student表未删除的列
[INFO][2018-03-21 14:49:18,206][com.asianrapid.service.TestService]查询student表未删除的列
[INFO][2018-03-21 14:49:25,263][com.asianrapid.service.TestService]查询name=a,score=Astudent表未删除的列
[INFO][2018-03-21 14:51:10,319][com.asianrapid.service.TestService]查询student表未删除的列
[INFO][2018-03-21 14:51:18,414][com.asianrapid.service.TestService]查询name=a,score=A的student信息
[INFO][2018-03-21 14:54:07,569][com.asianrapid.service.TestService]查询student表未删除的列
[INFO][2018-03-21 14:54:17,893][com.asianrapid.service.TestService]查询name=a,score=A的student信息
[INFO][2018-03-21 14:54:18,012][com.asianrapid.service.TestService]查询student表未删除的列
[INFO][2018-03-21 14:56:04,350][com.asianrapid.service.TestService]查询student表未删除的列
[INFO][2018-03-21 14:57:16,125][com.asianrapid.service.TestService]查询student表未删除的列
[INFO][2018-03-21 14:57:20,331][com.asianrapid.service.TestService]查询name=a,score=的student信息
[INFO][2018-03-21 14:57:20,376][com.asianrapid.service.TestService]查询student表未删除的列
[INFO][2018-03-21 14:57:28,890][com.asianrapid.service.TestService]查询name=a,score=B的student信息
[INFO][2018-03-21 14:57:28,938][com.asianrapid.service.TestService]查询student表未删除的列
[INFO][2018-03-21 14:57:47,714][com.asianrapid.service.TestService]查询name=a,score=A的student信息
[INFO][2018-03-21 14:57:47,745][com.asianrapid.service.TestService]查询student表未删除的列
[INFO][2018-03-21 14:58:47,159][com.asianrapid.service.TestService]查询student表未删除的列
[INFO][2018-03-21 14:58:52,815][com.asianrapid.service.TestService]查询name=a,score=A的student信息
[INFO][2018-03-21 14:58:52,854][com.asianrapid.service.TestService]查询student表未删除的列
[INFO][2018-03-21 15:02:40,340][com.asianrapid.service.TestService]查询student表未删除的列
[INFO][2018-03-21 15:02:45,860][com.asianrapid.service.TestService]查询name=a,score=A的student信息
[INFO][2018-03-21 15:02:45,945][com.asianrapid.service.TestService]查询student表未删除的列
[INFO][2018-03-21 15:03:59,484][com.asianrapid.service.TestService]查询student表未删除的列
[INFO][2018-03-21 15:06:21,673][com.asianrapid.service.TestService]查询student表未删除的列
[INFO][2018-03-21 15:08:28,024][com.asianrapid.service.TestService]查询student表未删除的列
[INFO][2018-03-21 15:10:29,120][com.asianrapid.service.TestService]查询student表未删除的列
[INFO][2018-03-21 15:13:41,780][com.asianrapid.service.TestService]查询student表未删除的列
[INFO][2018-03-21 15:13:48,668][com.asianrapid.service.TestService]查询student表未删除的列
[INFO][2018-03-21 15:14:12,381][com.asianrapid.service.TestService]查询student表未删除的列
[INFO][2018-03-21 15:15:13,782][com.asianrapid.service.TestService]查询student表未删除的列
[INFO][2018-03-21 15:15:18,692][com.asianrapid.service.TestService]查询student表未删除的列
[INFO][2018-03-21 15:18:11,388][com.asianrapid.service.TestService]查询student表未删除的列
[INFO][2018-03-21 15:18:18,406][com.asianrapid.service.TestService]查询student表未删除的列
[INFO][2018-03-21 15:23:19,423][com.asianrapid.service.TestService]查询student表未删除的列
[INFO][2018-03-21 15:23:24,202][com.asianrapid.service.TestService]查询student表未删除的列
[INFO][2018-03-21 15:23:39,917][com.asianrapid.service.TestService]查询student表未删除的列
[INFO][2018-03-21 15:23:45,666][com.asianrapid.service.TestService]查询student表未删除的列
[INFO][2018-03-21 15:27:17,051][com.asianrapid.service.TestService]查询student表未删除的列
[INFO][2018-03-21 15:31:17,850][com.asianrapid.service.TestService]查询student表未删除的列
[INFO][2018-03-21 15:31:23,251][com.asianrapid.service.TestService]查询student表未删除的列
[INFO][2018-03-21 15:31:30,908][com.asianrapid.service.TestService]查询student表未删除的列
[INFO][2018-03-21 15:31:34,241][com.asianrapid.service.TestService]查询student，id=33
[DEBUG][2018-03-21 15:31:38,075][com.asianrapid.service.TestService]更新student表，用户名=abc
[INFO][2018-03-21 15:31:38,100][com.asianrapid.service.TestService]查询student表未删除的列
[INFO][2018-03-21 15:31:40,668][com.asianrapid.service.TestService]查询student表未删除的列
[DEBUG][2018-03-21 15:31:43,467][com.asianrapid.service.TestService]删除student，id=33
[INFO][2018-03-21 15:31:43,494][com.asianrapid.service.TestService]查询student表未删除的列
[INFO][2018-03-21 15:31:44,514][com.asianrapid.service.TestService]查询student表未删除的列
[INFO][2018-03-22 11:01:55,904][com.asianrapid.service.TestService]查询student表未删除的列
[INFO][2018-03-22 16:24:54,151][com.asianrapid.service.TestService]查询student表未删除的列
[INFO][2018-03-22 16:25:00,042][com.asianrapid.service.TestService]查询student表未删除的列
